android/build/outputs/logs/manifest-merger-debug-report.txt
-- Merging decision tree log ---
manifest
ADDED from SleepAsSamsung/SleepAsSamsung-android/AndroidManifest.xml:3:1-117:12
INJECTED from SleepAsSamsung/SleepAsSamsung-android/AndroidManifest.xml:3:1-117:12
INJECTED from SleepAsSamsung/SleepAsSamsung-android/AndroidManifest.xml:3:1-117:12
INJECTED from SleepAsSamsung/SleepAsSamsung-android/AndroidManifest.xml:3:1-117:12
MERGED from [androidx.constraintlayout:constraintlayout:2.0.1] AndroidManifest.xml:2:1-11:12
MERGED from [androidx.appcompat:appcompat:1.2.0] AndroidManifest.xml:17:1-24:12
MERGED from [com.urbandroid:common:1.26] AndroidManifest.xml:2:1-14:12
MERGED from [androidx.cursoradapter:cursoradapter:1.0.0] AndroidManifest.xml:17:1-22:12
MERGED from [androidx.fragment:fragment:1.1.0] AndroidManifest.xml:17:1-24:12
MERGED from [androidx.appcompat:appcompat-resources:1.2.0] AndroidManifest.xml:17:1-24:12
MERGED from [androidx.drawerlayout:drawerlayout:1.0.0] AndroidManifest.xml:17:1-22:12
MERGED from [androidx.viewpager:viewpager:1.0.0] AndroidManifest.xml:17:1-22:12
MERGED from [androidx.loader:loader:1.0.0] AndroidManifest.xml:17:1-22:12
MERGED from [androidx.activity:activity:1.0.0] AndroidManifest.xml:17:1-24:12
MERGED from [androidx.vectordrawable:vectordrawable-animated:1.1.0] AndroidManifest.xml:17:1-24:12
MERGED from [androidx.vectordrawable:vectordrawable:1.1.0] AndroidManifest.xml:17:1-24:12
MERGED from [androidx.customview:customview:1.0.0] AndroidManifest.xml:17:1-22:12
MERGED from [androidx.core:core:1.3.1] AndroidManifest.xml:17:1-26:12
MERGED from [androidx.versionedparcelable:versionedparcelable:1.1.0] AndroidManifest.xml:17:1-27:12
MERGED from [androidx.lifecycle:lifecycle-runtime:2.1.0] AndroidManifest.xml:17:1-22:12
MERGED from [androidx.lifecycle:lifecycle-viewmodel:2.1.0] AndroidManifest.xml:17:1-22:12
MERGED from [androidx.savedstate:savedstate:1.0.0] AndroidManifest.xml:17:1-24:12
MERGED from [androidx.interpolator:interpolator:1.0.0] AndroidManifest.xml:17:1-22:12
MERGED from [androidx.lifecycle:lifecycle-livedata:2.0.0] AndroidManifest.xml:17:1-22:12
MERGED from [androidx.lifecycle:lifecycle-livedata-core:2.0.0] AndroidManifest.xml:17:1-22:12
MERGED from [androidx.arch.core:core-runtime:2.0.0] AndroidManifest.xml:17:1-22:12
INJECTED from SleepAsSamsung/SleepAsSamsung-android/AndroidManifest.xml:3:1-117:12
INJECTED from SleepAsSamsung/SleepAsSamsung-android/AndroidManifest.xml:3:1-117:12
INJECTED from SleepAsSamsung/SleepAsSamsung-android/AndroidManifest.xml:3:1-117:12
	package
		ADDED from SleepAsSamsung/SleepAsSamsung-android/AndroidManifest.xml:4:5-57
		INJECTED from SleepAsSamsung/SleepAsSamsung-android/AndroidManifest.xml
		INJECTED from SleepAsSamsung/SleepAsSamsung-android/AndroidManifest.xml
	android:versionName
		ADDED from SleepAsSamsung/SleepAsSamsung-android/AndroidManifest.xml:6:5-31
		INJECTED from SleepAsSamsung/SleepAsSamsung-android/AndroidManifest.xml
		INJECTED from SleepAsSamsung/SleepAsSamsung-android/AndroidManifest.xml
	xmlns:android
		ADDED from SleepAsSamsung/SleepAsSamsung-android/AndroidManifest.xml:3:11-69
	android:versionCode
		ADDED from SleepAsSamsung/SleepAsSamsung-android/AndroidManifest.xml:5:5-29
		INJECTED from SleepAsSamsung/SleepAsSamsung-android/AndroidManifest.xml
		INJECTED from SleepAsSamsung/SleepAsSamsung-android/AndroidManifest.xml
uses-permission#android.permission.BLUETOOTH
ADDED from SleepAsSamsung/SleepAsSamsung-android/AndroidManifest.xml:8:5-67
	android:name
		ADDED from SleepAsSamsung/SleepAsSamsung-android/AndroidManifest.xml:8:22-65
uses-permission#android.permission.BLUETOOTH_ADMIN
ADDED from SleepAsSamsung/SleepAsSamsung-android/AndroidManifest.xml:9:5-73
	android:name
		ADDED from SleepAsSamsung/SleepAsSamsung-android/AndroidManifest.xml:9:22-71
uses-permission#android.permission.FOREGROUND_SERVICE
ADDED from SleepAsSamsung/SleepAsSamsung-android/AndroidManifest.xml:10:5-76
	android:name
		ADDED from SleepAsSamsung/SleepAsSamsung-android/AndroidManifest.xml:10:22-74
uses-permission#com.samsung.accessory.permission.ACCESSORY_FRAMEWORK
ADDED from SleepAsSamsung/SleepAsSamsung-android/AndroidManifest.xml:12:5-91
	android:name
		ADDED from SleepAsSamsung/SleepAsSamsung-android/AndroidManifest.xml:12:22-89
uses-permission#com.samsung.wmanager.ENABLE_NOTIFICATION
ADDED from SleepAsSamsung/SleepAsSamsung-android/AndroidManifest.xml:14:5-79
	android:name
		ADDED from SleepAsSamsung/SleepAsSamsung-android/AndroidManifest.xml:14:22-77
uses-permission#com.samsung.WATCH_APP_TYPE.Companion
ADDED from SleepAsSamsung/SleepAsSamsung-android/AndroidManifest.xml:15:5-75
	android:name
		ADDED from SleepAsSamsung/SleepAsSamsung-android/AndroidManifest.xml:15:22-73
uses-permission#com.samsung.android.providers.context.permission.WRITE_USE_APP_FEATURE_SURVEY
ADDED from SleepAsSamsung/SleepAsSamsung-android/AndroidManifest.xml:16:5-17:90
	android:name
		ADDED from SleepAsSamsung/SleepAsSamsung-android/AndroidManifest.xml:16:22-123
application
ADDED from SleepAsSamsung/SleepAsSamsung-android/AndroidManifest.xml:19:5-116:19
MERGED from [androidx.constraintlayout:constraintlayout:2.0.1] AndroidManifest.xml:9:5-20
MERGED from [androidx.constraintlayout:constraintlayout:2.0.1] AndroidManifest.xml:9:5-20
MERGED from [com.urbandroid:common:1.26] AndroidManifest.xml:11:5-12:19
MERGED from [com.urbandroid:common:1.26] AndroidManifest.xml:11:5-12:19
MERGED from [androidx.core:core:1.3.1] AndroidManifest.xml:24:5-89
MERGED from [androidx.core:core:1.3.1] AndroidManifest.xml:24:5-89
MERGED from [androidx.versionedparcelable:versionedparcelable:1.1.0] AndroidManifest.xml:24:5-25:19
MERGED from [androidx.versionedparcelable:versionedparcelable:1.1.0] AndroidManifest.xml:24:5-25:19
	android:appComponentFactory
		ADDED from [androidx.core:core:1.3.1] AndroidManifest.xml:24:18-86
	android:label
		ADDED from SleepAsSamsung/SleepAsSamsung-android/AndroidManifest.xml:22:9-41
	android:icon
		ADDED from SleepAsSamsung/SleepAsSamsung-android/AndroidManifest.xml:21:9-45
	android:allowBackup
		ADDED from SleepAsSamsung/SleepAsSamsung-android/AndroidManifest.xml:20:9-35
	android:theme
		ADDED from SleepAsSamsung/SleepAsSamsung-android/AndroidManifest.xml:23:9-40
activity#com.urbandroid.sleep.addon.generic.samsung.ErrorReportActivity
ADDED from SleepAsSamsung/SleepAsSamsung-android/AndroidManifest.xml:42:9-44:20
	android:exported
		ADDED from SleepAsSamsung/SleepAsSamsung-android/AndroidManifest.xml:43:13-36
	android:name
		ADDED from SleepAsSamsung/SleepAsSamsung-android/AndroidManifest.xml:42:19-54
activity#com.urbandroid.sleep.addon.generic.samsung.MainActivity
ADDED from SleepAsSamsung/SleepAsSamsung-android/AndroidManifest.xml:47:9-56:20
	android:launchMode
		ADDED from SleepAsSamsung/SleepAsSamsung-android/AndroidManifest.xml:48:13-48
	android:configChanges
		ADDED from SleepAsSamsung/SleepAsSamsung-android/AndroidManifest.xml:49:13-83
	android:name
		ADDED from SleepAsSamsung/SleepAsSamsung-android/AndroidManifest.xml:47:19-47
intent-filter#action:name:android.intent.action.MAIN+category:name:android.intent.category.DEFAULT+category:name:android.intent.category.INFO
ADDED from SleepAsSamsung/SleepAsSamsung-android/AndroidManifest.xml:50:13-55:29
action#android.intent.action.MAIN
ADDED from SleepAsSamsung/SleepAsSamsung-android/AndroidManifest.xml:51:17-68
	android:name
		ADDED from SleepAsSamsung/SleepAsSamsung-android/AndroidManifest.xml:51:25-66
category#android.intent.category.DEFAULT
ADDED from SleepAsSamsung/SleepAsSamsung-android/AndroidManifest.xml:52:17-75
	android:name
		ADDED from SleepAsSamsung/SleepAsSamsung-android/AndroidManifest.xml:52:27-73
category#android.intent.category.INFO
ADDED from SleepAsSamsung/SleepAsSamsung-android/AndroidManifest.xml:53:17-72
	android:name
		ADDED from SleepAsSamsung/SleepAsSamsung-android/AndroidManifest.xml:53:27-70
service#com.urbandroid.sleep.addon.generic.samsung.SleepAsAndroidProviderService
ADDED from SleepAsSamsung/SleepAsSamsung-android/AndroidManifest.xml:59:9-60:19
	android:name
		ADDED from SleepAsSamsung/SleepAsSamsung-android/AndroidManifest.xml:59:18-63
receiver#com.urbandroid.sleep.addon.generic.samsung.SleepAsAndroidReceiver
ADDED from SleepAsSamsung/SleepAsSamsung-android/AndroidManifest.xml:62:9-77:20
	android:name
		ADDED from SleepAsSamsung/SleepAsSamsung-android/AndroidManifest.xml:62:19-57
intent-filter#action:name:com.urbandroid.sleep.addon.samsung.STOP_SELF+action:name:com.urbandroid.sleep.watch.CHECK_CONNECTED+action:name:com.urbandroid.sleep.watch.HINT+action:name:com.urbandroid.sleep.watch.REPORT+action:name:com.urbandroid.sleep.watch.SET_BATCH_SIZE+action:name:com.urbandroid.sleep.watch.SET_PAUSE+action:name:com.urbandroid.sleep.watch.SET_SUSPENDED+action:name:com.urbandroid.sleep.watch.START_ALARM+action:name:com.urbandroid.sleep.watch.START_TRACKING+action:name:com.urbandroid.sleep.watch.STOP_ALARM+action:name:com.urbandroid.sleep.watch.STOP_TRACKING+action:name:com.urbandroid.sleep.watch.UPDATE_ALARM
ADDED from SleepAsSamsung/SleepAsSamsung-android/AndroidManifest.xml:63:13-76:29
action#com.urbandroid.sleep.watch.START_TRACKING
ADDED from SleepAsSamsung/SleepAsSamsung-android/AndroidManifest.xml:64:17-83
	android:name
		ADDED from SleepAsSamsung/SleepAsSamsung-android/AndroidManifest.xml:64:25-81
action#com.urbandroid.sleep.watch.STOP_TRACKING
ADDED from SleepAsSamsung/SleepAsSamsung-android/AndroidManifest.xml:65:17-82
	android:name
		ADDED from SleepAsSamsung/SleepAsSamsung-android/AndroidManifest.xml:65:25-80
action#com.urbandroid.sleep.watch.SET_PAUSE
ADDED from SleepAsSamsung/SleepAsSamsung-android/AndroidManifest.xml:66:17-78
	android:name
		ADDED from SleepAsSamsung/SleepAsSamsung-android/AndroidManifest.xml:66:25-76
action#com.urbandroid.sleep.watch.SET_BATCH_SIZE
ADDED from SleepAsSamsung/SleepAsSamsung-android/AndroidManifest.xml:67:17-83
	android:name
		ADDED from SleepAsSamsung/SleepAsSamsung-android/AndroidManifest.xml:67:25-81
action#com.urbandroid.sleep.watch.SET_SUSPENDED
ADDED from SleepAsSamsung/SleepAsSamsung-android/AndroidManifest.xml:68:17-82
	android:name
		ADDED from SleepAsSamsung/SleepAsSamsung-android/AndroidManifest.xml:68:25-80
action#com.urbandroid.sleep.watch.START_ALARM
ADDED from SleepAsSamsung/SleepAsSamsung-android/AndroidManifest.xml:69:17-80
	android:name
		ADDED from SleepAsSamsung/SleepAsSamsung-android/AndroidManifest.xml:69:25-78
action#com.urbandroid.sleep.watch.STOP_ALARM
ADDED from SleepAsSamsung/SleepAsSamsung-android/AndroidManifest.xml:70:17-79
	android:name
		ADDED from SleepAsSamsung/SleepAsSamsung-android/AndroidManifest.xml:70:25-77
action#com.urbandroid.sleep.watch.HINT
ADDED from SleepAsSamsung/SleepAsSamsung-android/AndroidManifest.xml:71:17-73
	android:name
		ADDED from SleepAsSamsung/SleepAsSamsung-android/AndroidManifest.xml:71:25-71
action#com.urbandroid.sleep.watch.UPDATE_ALARM
ADDED from SleepAsSamsung/SleepAsSamsung-android/AndroidManifest.xml:72:17-81
	android:name
		ADDED from SleepAsSamsung/SleepAsSamsung-android/AndroidManifest.xml:72:25-79
action#com.urbandroid.sleep.watch.CHECK_CONNECTED
ADDED from SleepAsSamsung/SleepAsSamsung-android/AndroidManifest.xml:73:17-84
	android:name
		ADDED from SleepAsSamsung/SleepAsSamsung-android/AndroidManifest.xml:73:25-82
action#com.urbandroid.sleep.watch.REPORT
ADDED from SleepAsSamsung/SleepAsSamsung-android/AndroidManifest.xml:74:17-75
	android:name
		ADDED from SleepAsSamsung/SleepAsSamsung-android/AndroidManifest.xml:74:25-73
action#com.urbandroid.sleep.addon.samsung.STOP_SELF
ADDED from SleepAsSamsung/SleepAsSamsung-android/AndroidManifest.xml:75:17-86
	android:name
		ADDED from SleepAsSamsung/SleepAsSamsung-android/AndroidManifest.xml:75:25-84
receiver#com.samsung.android.sdk.accessory.ServiceConnectionIndicationBroadcastReceiver
ADDED from SleepAsSamsung/SleepAsSamsung-android/AndroidManifest.xml:79:9-84:20
	android:name
		ADDED from SleepAsSamsung/SleepAsSamsung-android/AndroidManifest.xml:79:19-112
intent-filter#action:name:android.accessory.service.action.ACCESSORY_SERVICE_CONNECTION_IND+action:name:com.samsung.accessory.action.SERVICE_CONNECTION_REQUESTED
ADDED from SleepAsSamsung/SleepAsSamsung-android/AndroidManifest.xml:80:13-83:29
action#android.accessory.service.action.ACCESSORY_SERVICE_CONNECTION_IND
ADDED from SleepAsSamsung/SleepAsSamsung-android/AndroidManifest.xml:81:17-107
	android:name
		ADDED from SleepAsSamsung/SleepAsSamsung-android/AndroidManifest.xml:81:25-105
action#com.samsung.accessory.action.SERVICE_CONNECTION_REQUESTED
ADDED from SleepAsSamsung/SleepAsSamsung-android/AndroidManifest.xml:82:17-100
	android:name
		ADDED from SleepAsSamsung/SleepAsSamsung-android/AndroidManifest.xml:82:25-97
receiver#com.samsung.android.sdk.accessory.RegisterUponInstallReceiver
ADDED from SleepAsSamsung/SleepAsSamsung-android/AndroidManifest.xml:86:9-91:20
	android:name
		ADDED from SleepAsSamsung/SleepAsSamsung-android/AndroidManifest.xml:86:19-95
intent-filter#action:name:android.accessory.device.action.REGISTER_AFTER_INSTALL+action:name:com.samsung.accessory.action.REGISTER_AGENT
ADDED from SleepAsSamsung/SleepAsSamsung-android/AndroidManifest.xml:87:13-90:29
action#android.accessory.device.action.REGISTER_AFTER_INSTALL
ADDED from SleepAsSamsung/SleepAsSamsung-android/AndroidManifest.xml:88:17-96
	android:name
		ADDED from SleepAsSamsung/SleepAsSamsung-android/AndroidManifest.xml:88:25-94
action#com.samsung.accessory.action.REGISTER_AGENT
ADDED from SleepAsSamsung/SleepAsSamsung-android/AndroidManifest.xml:89:17-86
	android:name
		ADDED from SleepAsSamsung/SleepAsSamsung-android/AndroidManifest.xml:89:25-83
provider#androidx.core.content.FileProvider
ADDED from SleepAsSamsung/SleepAsSamsung-android/AndroidManifest.xml:93:9-102:20
	android:grantUriPermissions
		ADDED from SleepAsSamsung/SleepAsSamsung-android/AndroidManifest.xml:97:13-47
	android:authorities
		ADDED from SleepAsSamsung/SleepAsSamsung-android/AndroidManifest.xml:95:13-90
	android:exported
		ADDED from SleepAsSamsung/SleepAsSamsung-android/AndroidManifest.xml:96:13-37
	android:name
		ADDED from SleepAsSamsung/SleepAsSamsung-android/AndroidManifest.xml:94:13-62
meta-data#android.support.FILE_PROVIDER_PATHS
ADDED from SleepAsSamsung/SleepAsSamsung-android/AndroidManifest.xml:99:13-101:56
	android:resource
		ADDED from SleepAsSamsung/SleepAsSamsung-android/AndroidManifest.xml:101:17-53
	android:name
		ADDED from SleepAsSamsung/SleepAsSamsung-android/AndroidManifest.xml:100:17-67
meta-data#AccessoryServicesLocation
ADDED from SleepAsSamsung/SleepAsSamsung-android/AndroidManifest.xml:104:9-106:61
	android:value
		ADDED from SleepAsSamsung/SleepAsSamsung-android/AndroidManifest.xml:106:13-59
	android:name
		ADDED from SleepAsSamsung/SleepAsSamsung-android/AndroidManifest.xml:105:13-53
meta-data#GearAppType
ADDED from SleepAsSamsung/SleepAsSamsung-android/AndroidManifest.xml:107:9-69
	android:value
		ADDED from SleepAsSamsung/SleepAsSamsung-android/AndroidManifest.xml:107:47-66
	android:name
		ADDED from SleepAsSamsung/SleepAsSamsung-android/AndroidManifest.xml:107:20-46
uses-sdk
INJECTED from SleepAsSamsung/SleepAsSamsung-android/AndroidManifest.xml reason: use-sdk injection requested
INJECTED from SleepAsSamsung/SleepAsSamsung-android/AndroidManifest.xml
INJECTED from SleepAsSamsung/SleepAsSamsung-android/AndroidManifest.xml
MERGED from [androidx.constraintlayout:constraintlayout:2.0.1] AndroidManifest.xml:5:5-7:41
MERGED from [androidx.constraintlayout:constraintlayout:2.0.1] AndroidManifest.xml:5:5-7:41
MERGED from [androidx.appcompat:appcompat:1.2.0] AndroidManifest.xml:20:5-22:41
MERGED from [androidx.appcompat:appcompat:1.2.0] AndroidManifest.xml:20:5-22:41
MERGED from [com.urbandroid:common:1.26] AndroidManifest.xml:7:5-9:41
MERGED from [com.urbandroid:common:1.26] AndroidManifest.xml:7:5-9:41
MERGED from [androidx.cursoradapter:cursoradapter:1.0.0] AndroidManifest.xml:20:5-44
MERGED from [androidx.cursoradapter:cursoradapter:1.0.0] AndroidManifest.xml:20:5-44
MERGED from [androidx.fragment:fragment:1.1.0] AndroidManifest.xml:20:5-22:41
MERGED from [androidx.fragment:fragment:1.1.0] AndroidManifest.xml:20:5-22:41
MERGED from [androidx.appcompat:appcompat-resources:1.2.0] AndroidManifest.xml:20:5-22:41
MERGED from [androidx.appcompat:appcompat-resources:1.2.0] AndroidManifest.xml:20:5-22:41
MERGED from [androidx.drawerlayout:drawerlayout:1.0.0] AndroidManifest.xml:20:5-44
MERGED from [androidx.drawerlayout:drawerlayout:1.0.0] AndroidManifest.xml:20:5-44
MERGED from [androidx.viewpager:viewpager:1.0.0] AndroidManifest.xml:20:5-44
MERGED from [androidx.viewpager:viewpager:1.0.0] AndroidManifest.xml:20:5-44
MERGED from [androidx.loader:loader:1.0.0] AndroidManifest.xml:20:5-44
MERGED from [androidx.loader:loader:1.0.0] AndroidManifest.xml:20:5-44
MERGED from [androidx.activity:activity:1.0.0] AndroidManifest.xml:20:5-22:41
MERGED from [androidx.activity:activity:1.0.0] AndroidManifest.xml:20:5-22:41
MERGED from [androidx.vectordrawable:vectordrawable-animated:1.1.0] AndroidManifest.xml:20:5-22:41
MERGED from [androidx.vectordrawable:vectordrawable-animated:1.1.0] AndroidManifest.xml:20:5-22:41
MERGED from [androidx.vectordrawable:vectordrawable:1.1.0] AndroidManifest.xml:20:5-22:41
MERGED from [androidx.vectordrawable:vectordrawable:1.1.0] AndroidManifest.xml:20:5-22:41
MERGED from [androidx.customview:customview:1.0.0] AndroidManifest.xml:20:5-44
MERGED from [androidx.customview:customview:1.0.0] AndroidManifest.xml:20:5-44
MERGED from [androidx.core:core:1.3.1] AndroidManifest.xml:20:5-22:41
MERGED from [androidx.core:core:1.3.1] AndroidManifest.xml:20:5-22:41
MERGED from [androidx.versionedparcelable:versionedparcelable:1.1.0] AndroidManifest.xml:20:5-22:41
MERGED from [androidx.versionedparcelable:versionedparcelable:1.1.0] AndroidManifest.xml:20:5-22:41
MERGED from [androidx.lifecycle:lifecycle-runtime:2.1.0] AndroidManifest.xml:20:5-44
MERGED from [androidx.lifecycle:lifecycle-runtime:2.1.0] AndroidManifest.xml:20:5-44
MERGED from [androidx.lifecycle:lifecycle-viewmodel:2.1.0] AndroidManifest.xml:20:5-44
MERGED from [androidx.lifecycle:lifecycle-viewmodel:2.1.0] AndroidManifest.xml:20:5-44
MERGED from [androidx.savedstate:savedstate:1.0.0] AndroidManifest.xml:20:5-22:41
MERGED from [androidx.savedstate:savedstate:1.0.0] AndroidManifest.xml:20:5-22:41
MERGED from [androidx.interpolator:interpolator:1.0.0] AndroidManifest.xml:20:5-44
MERGED from [androidx.interpolator:interpolator:1.0.0] AndroidManifest.xml:20:5-44
MERGED from [androidx.lifecycle:lifecycle-livedata:2.0.0] AndroidManifest.xml:20:5-44
MERGED from [androidx.lifecycle:lifecycle-livedata:2.0.0] AndroidManifest.xml:20:5-44
MERGED from [androidx.lifecycle:lifecycle-livedata-core:2.0.0] AndroidManifest.xml:20:5-44
MERGED from [androidx.lifecycle:lifecycle-livedata-core:2.0.0] AndroidManifest.xml:20:5-44
MERGED from [androidx.arch.core:core-runtime:2.0.0] AndroidManifest.xml:20:5-44
MERGED from [androidx.arch.core:core-runtime:2.0.0] AndroidManifest.xml:20:5-44
INJECTED from SleepAsSamsung/SleepAsSamsung-android/AndroidManifest.xml
INJECTED from SleepAsSamsung/SleepAsSamsung-android/AndroidManifest.xml
	android:targetSdkVersion
		INJECTED from SleepAsSamsung/SleepAsSamsung-android/AndroidManifest.xml
		ADDED from SleepAsSamsung/SleepAsSamsung-android/AndroidManifest.xml
		INJECTED from SleepAsSamsung/SleepAsSamsung-android/AndroidManifest.xml
	android:minSdkVersion
		INJECTED from SleepAsSamsung/SleepAsSamsung-android/AndroidManifest.xml
		ADDED from SleepAsSamsung/SleepAsSamsung-android/AndroidManifest.xml
		INJECTED from SleepAsSamsung/SleepAsSamsung-android/AndroidManifest.xml